<?xml version="1.0" encoding="UTF-8"?>
<testsuite xmlns:xsi="http://www.w3.org/2001/XMLSchema-instance" xsi:noNamespaceSchemaLocation="https://maven.apache.org/surefire/maven-surefire-plugin/xsd/surefire-test-report-3.0.xsd" version="3.0" name="TestSuite" time="0.669" tests="2" errors="0" skipped="0" failures="0">
  <properties>
    <property name="sun.desktop" value="windows"/>
    <property name="awt.toolkit" value="sun.awt.windows.WToolkit"/>
    <property name="file.encoding.pkg" value="sun.io"/>
    <property name="java.specification.version" value="1.8"/>
    <property name="sun.cpu.isalist" value="pentium_pro+mmx pentium_pro pentium+mmx pentium i486 i386 i86"/>
    <property name="sun.jnu.encoding" value="Cp1252"/>
    <property name="java.class.path" value="C:\Users\shubhangimadhukar_sa\Eclipse_Latest\blueocen\target\test-classes;C:\Users\shubhangimadhukar_sa\Eclipse_Latest\blueocen\target\classes;C:\Users\shubhangimadhukar_sa\.m2\repository\org\testng\testng\7.0.0\testng-7.0.0.jar;C:\Users\shubhangimadhukar_sa\.m2\repository\com\beust\jcommander\1.72\jcommander-1.72.jar;C:\Users\shubhangimadhukar_sa\.m2\repository\com\aventstack\extentreports\5.0.9\extentreports-5.0.9.jar;C:\Users\shubhangimadhukar_sa\.m2\repository\io\reactivex\rxjava3\rxjava\3.0.4\rxjava-3.0.4.jar;C:\Users\shubhangimadhukar_sa\.m2\repository\org\reactivestreams\reactive-streams\1.0.3\reactive-streams-1.0.3.jar;C:\Users\shubhangimadhukar_sa\.m2\repository\org\freemarker\freemarker\2.3.30\freemarker-2.3.30.jar;C:\Users\shubhangimadhukar_sa\.m2\repository\com\google\code\gson\gson\2.8.6\gson-2.8.6.jar;C:\Users\shubhangimadhukar_sa\.m2\repository\org\apache\logging\log4j\slf4j-impl\2.0-alpha2\slf4j-impl-2.0-alpha2.jar;C:\Users\shubhangimadhukar_sa\.m2\repository\org\slf4j\slf4j-api\1.6.4\slf4j-api-1.6.4.jar;C:\Users\shubhangimadhukar_sa\.m2\repository\org\slf4j\slf4j-ext\1.6.4\slf4j-ext-1.6.4.jar;C:\Users\shubhangimadhukar_sa\.m2\repository\ch\qos\cal10n\cal10n-api\0.7.4\cal10n-api-0.7.4.jar;C:\Users\shubhangimadhukar_sa\.m2\repository\org\apache\logging\log4j\log4j-api\2.0-alpha2\log4j-api-2.0-alpha2.jar;C:\Users\shubhangimadhukar_sa\.m2\repository\org\apache\logging\log4j\log4j-core\2.0-alpha2\log4j-core-2.0-alpha2.jar;C:\Users\shubhangimadhukar_sa\.m2\repository\org\projectlombok\lombok\1.18.32\lombok-1.18.32.jar;"/>
    <property name="java.vm.vendor" value="Oracle Corporation"/>
    <property name="sun.arch.data.model" value="32"/>
    <property name="user.variant" value=""/>
    <property name="java.vendor.url" value="http://java.oracle.com/"/>
    <property name="user.timezone" value="Asia/Calcutta"/>
    <property name="java.vm.specification.version" value="1.8"/>
    <property name="os.name" value="Windows 10"/>
    <property name="user.country" value="IN"/>
    <property name="sun.java.launcher" value="SUN_STANDARD"/>
    <property name="sun.boot.library.path" value="C:\Program Files (x86)\Java\jdk1.8.0_202\jre\bin"/>
    <property name="sun.java.command" value="C:\Users\shubhangimadhukar_sa\AppData\Local\Temp\surefire3063720320278782828\surefirebooter2334076192709698924.jar C:\Users\shubhangimadhukar_sa\AppData\Local\Temp\surefire3063720320278782828 2024-06-03T01-06-14_713-jvmRun1 surefire2284509930489357067tmp surefire_01432676576722596707tmp"/>
    <property name="surefire.test.class.path" value="C:\Users\shubhangimadhukar_sa\Eclipse_Latest\blueocen\target\test-classes;C:\Users\shubhangimadhukar_sa\Eclipse_Latest\blueocen\target\classes;C:\Users\shubhangimadhukar_sa\.m2\repository\org\testng\testng\7.0.0\testng-7.0.0.jar;C:\Users\shubhangimadhukar_sa\.m2\repository\com\beust\jcommander\1.72\jcommander-1.72.jar;C:\Users\shubhangimadhukar_sa\.m2\repository\com\aventstack\extentreports\5.0.9\extentreports-5.0.9.jar;C:\Users\shubhangimadhukar_sa\.m2\repository\io\reactivex\rxjava3\rxjava\3.0.4\rxjava-3.0.4.jar;C:\Users\shubhangimadhukar_sa\.m2\repository\org\reactivestreams\reactive-streams\1.0.3\reactive-streams-1.0.3.jar;C:\Users\shubhangimadhukar_sa\.m2\repository\org\freemarker\freemarker\2.3.30\freemarker-2.3.30.jar;C:\Users\shubhangimadhukar_sa\.m2\repository\com\google\code\gson\gson\2.8.6\gson-2.8.6.jar;C:\Users\shubhangimadhukar_sa\.m2\repository\org\apache\logging\log4j\slf4j-impl\2.0-alpha2\slf4j-impl-2.0-alpha2.jar;C:\Users\shubhangimadhukar_sa\.m2\repository\org\slf4j\slf4j-api\1.6.4\slf4j-api-1.6.4.jar;C:\Users\shubhangimadhukar_sa\.m2\repository\org\slf4j\slf4j-ext\1.6.4\slf4j-ext-1.6.4.jar;C:\Users\shubhangimadhukar_sa\.m2\repository\ch\qos\cal10n\cal10n-api\0.7.4\cal10n-api-0.7.4.jar;C:\Users\shubhangimadhukar_sa\.m2\repository\org\apache\logging\log4j\log4j-api\2.0-alpha2\log4j-api-2.0-alpha2.jar;C:\Users\shubhangimadhukar_sa\.m2\repository\org\apache\logging\log4j\log4j-core\2.0-alpha2\log4j-core-2.0-alpha2.jar;C:\Users\shubhangimadhukar_sa\.m2\repository\org\projectlombok\lombok\1.18.32\lombok-1.18.32.jar;"/>
    <property name="sun.cpu.endian" value="little"/>
    <property name="user.home" value="C:\Users\shubhangimadhukar_sa"/>
    <property name="user.language" value="en"/>
    <property name="java.specification.vendor" value="Oracle Corporation"/>
    <property name="java.home" value="C:\Program Files (x86)\Java\jdk1.8.0_202\jre"/>
    <property name="basedir" value="C:\Users\shubhangimadhukar_sa\Eclipse_Latest\blueocen"/>
    <property name="file.separator" value="\"/>
    <property name="line.separator" value="&#10;"/>
    <property name="java.vm.specification.vendor" value="Oracle Corporation"/>
    <property name="java.specification.name" value="Java Platform API Specification"/>
    <property name="java.awt.graphicsenv" value="sun.awt.Win32GraphicsEnvironment"/>
    <property name="surefire.real.class.path" value="C:\Users\shubhangimadhukar_sa\AppData\Local\Temp\surefire3063720320278782828\surefirebooter2334076192709698924.jar"/>
    <property name="sun.boot.class.path" value="C:\Program Files (x86)\Java\jdk1.8.0_202\jre\lib\resources.jar;C:\Program Files (x86)\Java\jdk1.8.0_202\jre\lib\rt.jar;C:\Program Files (x86)\Java\jdk1.8.0_202\jre\lib\sunrsasign.jar;C:\Program Files (x86)\Java\jdk1.8.0_202\jre\lib\jsse.jar;C:\Program Files (x86)\Java\jdk1.8.0_202\jre\lib\jce.jar;C:\Program Files (x86)\Java\jdk1.8.0_202\jre\lib\charsets.jar;C:\Program Files (x86)\Java\jdk1.8.0_202\jre\lib\jfr.jar;C:\Program Files (x86)\Java\jdk1.8.0_202\jre\classes"/>
    <property name="user.script" value=""/>
    <property name="sun.management.compiler" value="HotSpot Client Compiler"/>
    <property name="java.runtime.version" value="1.8.0_202-b08"/>
    <property name="user.name" value="shubhangimadhukar_sa"/>
    <property name="path.separator" value=";"/>
    <property name="os.version" value="10.0"/>
    <property name="java.endorsed.dirs" value="C:\Program Files (x86)\Java\jdk1.8.0_202\jre\lib\endorsed"/>
    <property name="java.runtime.name" value="Java(TM) SE Runtime Environment"/>
    <property name="file.encoding" value="Cp1252"/>
    <property name="java.vm.name" value="Java HotSpot(TM) Client VM"/>
    <property name="localRepository" value="C:\Users\shubhangimadhukar_sa\.m2\repository"/>
    <property name="java.vendor.url.bug" value="http://bugreport.sun.com/bugreport/"/>
    <property name="java.io.tmpdir" value="C:\Users\SHUBHA~1\AppData\Local\Temp\"/>
    <property name="java.version" value="1.8.0_202"/>
    <property name="user.dir" value="C:\Users\shubhangimadhukar_sa\Eclipse_Latest\blueocen"/>
    <property name="os.arch" value="x86"/>
    <property name="java.vm.specification.name" value="Java Virtual Machine Specification"/>
    <property name="java.awt.printerjob" value="sun.awt.windows.WPrinterJob"/>
    <property name="sun.os.patch.level" value=""/>
    <property name="java.library.path" value="C:\Program Files (x86)\Java\jdk1.8.0_202\jre\bin;C:\windows\Sun\Java\bin;C:\windows\system32;C:\windows;C:/Users/shubhangimadhukar_sa/Downloads/eclipse-java-2024-03-R-win32-x86_64/eclipse//plugins/org.eclipse.justj.openjdk.hotspot.jre.full.win32.x86_64_17.0.10.v20240120-1143/jre/bin/server;C:/Users/shubhangimadhukar_sa/Downloads/eclipse-java-2024-03-R-win32-x86_64/eclipse//plugins/org.eclipse.justj.openjdk.hotspot.jre.full.win32.x86_64_17.0.10.v20240120-1143/jre/bin;C:\Program Files\Common Files\Oracle\Java\javapath;C:\windows\system32;C:\windows;C:\windows\System32\Wbem;C:\windows\System32\WindowsPowerShell\v1.0\;C:\windows\System32\OpenSSH\;C:\Program Files\WindowsPowerShell\Scripts;C:\Program Files\Git\cmd;C:\Users\shubhangimadhukar_sa\Downloads\apache-maven-3.9.6-bin\apache-maven-3.9.6\bin;C:\Program Files (x86)\Java\jdk1.8.0_202\bin;C:\Program Files (x86)\Common Files\Oracle\Java\java8path;C:\Program Files (x86)\Common Files\Oracle\Java\javapath;C:\Users\shubhangimadhukar_sa\AppData\Local\Microsoft\WindowsApps;C:\Users\shubhangimadhukar_sa\AppData\Local\Programs\Microsoft VS Code\bin;C:\Program Files (x86)\Java\jdk1.8.0_202\bin;C:\Users\shubhangimadhukar_sa\Downloads\apache-maven-3.9.6-bin\apache-maven-3.9.6\bin;;C:\Users\shubhangimadhukar_sa\Downloads\eclipse-java-2024-03-R-win32-x86_64\eclipse;;."/>
    <property name="java.vm.info" value="mixed mode"/>
    <property name="java.vendor" value="Oracle Corporation"/>
    <property name="java.vm.version" value="25.202-b08"/>
    <property name="java.ext.dirs" value="C:\Program Files (x86)\Java\jdk1.8.0_202\jre\lib\ext;C:\windows\Sun\Java\lib\ext"/>
    <property name="sun.io.unicode.encoding" value="UnicodeLittle"/>
    <property name="java.class.version" value="52.0"/>
  </properties>
  <testcase name="buidingTheProject" classname="Tests.MultibranchTest" time="0.008"/>
  <testcase name="measuringPerformance" classname="Tests.MultibranchTest" time="0"/>
</testsuite>