<?xml version="1.0" encoding="UTF-8"?>
<!-- Generated by org.testng.reporters.JUnitReportReporter -->
<testsuite skipped="0" hostname="EPINPUNW069E" name="Tests.MultibranchTest" tests="2" failures="0" timestamp="2024-06-03T01:06:15 IST" time="0.010" errors="0">
  <testcase name="measuringPerformance" time="0.000" classname="Tests.MultibranchTest"/>
  <testcase name="buidingTheProject" time="0.010" classname="Tests.MultibranchTest"/>
</testsuite> <!-- Tests.MultibranchTest -->
